# JRE version: OpenJDK Runtime Environment (8.0_282-b08) (build 1.8.0_282-8u282-b08-0ubuntu1~18.04-b08)
# Java VM: OpenJDK 64-Bit Server VM (25.282-b08 mixed mode linux-amd64 compressed oops)
Heap:
 PSYoungGen      total 301056K, used 23024K [0x00000000d5580000, 0x00000000e9580000, 0x0000000100000000)
  eden space 278016K, 0% used [0x00000000d5580000,0x00000000d5580000,0x00000000e6500000)
  from space 23040K, 99% used [0x00000000e6880000,0x00000000e7efc1d8,0x00000000e7f00000)
  to   space 18944K, 0% used [0x00000000e8300000,0x00000000e8300000,0x00000000e9580000)
 ParOldGen       total 79872K, used 40362K [0x0000000080000000, 0x0000000084e00000, 0x00000000d5580000)
  object space 79872K, 50% used [0x0000000080000000,0x000000008276aab0,0x0000000084e00000)
 Metaspace       used 79692K, capacity 83420K, committed 83752K, reserved 1122304K
  class space    used 10946K, capacity 11693K, committed 11816K, reserved 1048576K
GC Heap History (10 events):
Event: 9,829 GC heap after
Heap after GC invocations=13 (full 2):
 PSYoungGen      total 176128K, used 11159K [0x00000000d5580000, 0x00000000e3c00000, 0x0000000100000000)
  eden space 164352K, 0% used [0x00000000d5580000,0x00000000d5580000,0x00000000df600000)
  from space 11776K, 94% used [0x00000000df600000,0x00000000e00e5f10,0x00000000e0180000)
  to   space 13312K, 0% used [0x00000000e2f00000,0x00000000e2f00000,0x00000000e3c00000)
 ParOldGen       total 52224K, used 15545K [0x0000000080000000, 0x0000000083300000, 0x00000000d5580000)
  object space 52224K, 29% used [0x0000000080000000,0x0000000080f2e430,0x0000000083300000)
 Metaspace       used 39791K, capacity 41600K, committed 41896K, reserved 1085440K
  class space    used 5590K, capacity 5933K, committed 6056K, reserved 1048576K
}
Event: 12,967 GC heap before
{Heap before GC invocations=14 (full 2):
 PSYoungGen      total 176128K, used 175511K [0x00000000d5580000, 0x00000000e3c00000, 0x0000000100000000)
  eden space 164352K, 100% used [0x00000000d5580000,0x00000000df600000,0x00000000df600000)
  from space 11776K, 94% used [0x00000000df600000,0x00000000e00e5f10,0x00000000e0180000)
  to   space 13312K, 0% used [0x00000000e2f00000,0x00000000e2f00000,0x00000000e3c00000)
 ParOldGen       total 52224K, used 15545K [0x0000000080000000, 0x0000000083300000, 0x00000000d5580000)
  object space 52224K, 29% used [0x0000000080000000,0x0000000080f2e430,0x0000000083300000)
 Metaspace       used 56626K, capacity 58936K, committed 59048K, reserved 1099776K
  class space    used 7627K, capacity 8068K, committed 8104K, reserved 1048576K
Event: 13,017 GC heap after
Heap after GC invocations=14 (full 2):
 PSYoungGen      total 216064K, used 13288K [0x00000000d5580000, 0x00000000e4780000, 0x0000000100000000)
  eden space 202752K, 0% used [0x00000000d5580000,0x00000000d5580000,0x00000000e1b80000)
  from space 13312K, 99% used [0x00000000e2f00000,0x00000000e3bfa3d0,0x00000000e3c00000)
  to   space 19968K, 0% used [0x00000000e1b80000,0x00000000e1b80000,0x00000000e2f00000)
 ParOldGen       total 52224K, used 28380K [0x0000000080000000, 0x0000000083300000, 0x00000000d5580000)
  object space 52224K, 54% used [0x0000000080000000,0x0000000081bb7038,0x0000000083300000)
 Metaspace       used 56626K, capacity 58936K, committed 59048K, reserved 1099776K
  class space    used 7627K, capacity 8068K, committed 8104K, reserved 1048576K
}
Event: 13,152 GC heap before
{Heap before GC invocations=15 (full 2):
 PSYoungGen      total 216064K, used 27934K [0x00000000d5580000, 0x00000000e4780000, 0x0000000100000000)
  eden space 202752K, 7% used [0x00000000d5580000,0x00000000d63cd6b8,0x00000000e1b80000)
  from space 13312K, 99% used [0x00000000e2f00000,0x00000000e3bfa3d0,0x00000000e3c00000)
  to   space 19968K, 0% used [0x00000000e1b80000,0x00000000e1b80000,0x00000000e2f00000)
 ParOldGen       total 52224K, used 28380K [0x0000000080000000, 0x0000000083300000, 0x00000000d5580000)
  object space 52224K, 54% used [0x0000000080000000,0x0000000081bb7038,0x0000000083300000)
 Metaspace       used 56728K, capacity 59030K, committed 59160K, reserved 1099776K
  class space    used 7645K, capacity 8076K, committed 8104K, reserved 1048576K
Event: 13,179 GC heap after
Heap after GC invocations=15 (full 2):
 PSYoungGen      total 222720K, used 864K [0x00000000d5580000, 0x00000000e9680000, 0x0000000100000000)
  eden space 202752K, 0% used [0x00000000d5580000,0x00000000d5580000,0x00000000e1b80000)
  from space 19968K, 4% used [0x00000000e1b80000,0x00000000e1c58000,0x00000000e2f00000)
  to   space 19968K, 0% used [0x00000000e8300000,0x00000000e8300000,0x00000000e9680000)
 ParOldGen       total 52224K, used 41569K [0x0000000080000000, 0x0000000083300000, 0x00000000d5580000)
  object space 52224K, 79% used [0x0000000080000000,0x00000000828986f8,0x0000000083300000)
 Metaspace       used 56728K, capacity 59030K, committed 59160K, reserved 1099776K
  class space    used 7645K, capacity 8076K, committed 8104K, reserved 1048576K
}
Event: 13,179 GC heap before
{Heap before GC invocations=16 (full 3):
 PSYoungGen      total 222720K, used 864K [0x00000000d5580000, 0x00000000e9680000, 0x0000000100000000)
  eden space 202752K, 0% used [0x00000000d5580000,0x00000000d5580000,0x00000000e1b80000)
  from space 19968K, 4% used [0x00000000e1b80000,0x00000000e1c58000,0x00000000e2f00000)
  to   space 19968K, 0% used [0x00000000e8300000,0x00000000e8300000,0x00000000e9680000)
 ParOldGen       total 52224K, used 41569K [0x0000000080000000, 0x0000000083300000, 0x00000000d5580000)
  object space 52224K, 79% used [0x0000000080000000,0x00000000828986f8,0x0000000083300000)
 Metaspace       used 56728K, capacity 59030K, committed 59160K, reserved 1099776K
  class space    used 7645K, capacity 8076K, committed 8104K, reserved 1048576K
Event: 13,409 GC heap after
Heap after GC invocations=16 (full 3):
 PSYoungGen      total 222720K, used 0K [0x00000000d5580000, 0x00000000e9680000, 0x0000000100000000)
  eden space 202752K, 0% used [0x00000000d5580000,0x00000000d5580000,0x00000000e1b80000)
  from space 19968K, 0% used [0x00000000e1b80000,0x00000000e1b80000,0x00000000e2f00000)
  to   space 19968K, 0% used [0x00000000e8300000,0x00000000e8300000,0x00000000e9680000)
 ParOldGen       total 79872K, used 28634K [0x0000000080000000, 0x0000000084e00000, 0x00000000d5580000)
  object space 79872K, 35% used [0x0000000080000000,0x0000000081bf6ab8,0x0000000084e00000)
 Metaspace       used 56712K, capacity 58994K, committed 59160K, reserved 1099776K
  class space    used 7640K, capacity 8068K, committed 8104K, reserved 1048576K
}
Event: 16,853 GC heap before
{Heap before GC invocations=17 (full 3):
 PSYoungGen      total 222720K, used 202752K [0x00000000d5580000, 0x00000000e9680000, 0x0000000100000000)
  eden space 202752K, 100% used [0x00000000d5580000,0x00000000e1b80000,0x00000000e1b80000)
  from space 19968K, 0% used [0x00000000e1b80000,0x00000000e1b80000,0x00000000e2f00000)
  to   space 19968K, 0% used [0x00000000e8300000,0x00000000e8300000,0x00000000e9680000)
 ParOldGen       total 79872K, used 28634K [0x0000000080000000, 0x0000000084e00000, 0x00000000d5580000)
  object space 79872K, 35% used [0x0000000080000000,0x0000000081bf6ab8,0x0000000084e00000)
 Metaspace       used 67261K, capacity 70122K, committed 70312K, reserved 1110016K
  class space    used 9283K, capacity 9836K, committed 9896K, reserved 1048576K
Event: 16,889 GC heap after
Heap after GC invocations=17 (full 3):
 PSYoungGen      total 296960K, used 18586K [0x00000000d5580000, 0x00000000e9580000, 0x0000000100000000)
  eden space 278016K, 0% used [0x00000000d5580000,0x00000000d5580000,0x00000000e6500000)
  from space 18944K, 98% used [0x00000000e8300000,0x00000000e9526be8,0x00000000e9580000)
  to   space 23040K, 0% used [0x00000000e6880000,0x00000000e6880000,0x00000000e7f00000)
 ParOldGen       total 79872K, used 28642K [0x0000000080000000, 0x0000000084e00000, 0x00000000d5580000)
  object space 79872K, 35% used [0x0000000080000000,0x0000000081bf8ab8,0x0000000084e00000)
 Metaspace       used 67261K, capacity 70122K, committed 70312K, reserved 1110016K
  class space    used 9283K, capacity 9836K, committed 9896K, reserved 1048576K
}
Event: 26,344 GC heap before
{Heap before GC invocations=18 (full 3):
 PSYoungGen      total 296960K, used 296602K [0x00000000d5580000, 0x00000000e9580000, 0x0000000100000000)
  eden space 278016K, 100% used [0x00000000d5580000,0x00000000e6500000,0x00000000e6500000)
  from space 18944K, 98% used [0x00000000e8300000,0x00000000e9526be8,0x00000000e9580000)
  to   space 23040K, 0% used [0x00000000e6880000,0x00000000e6880000,0x00000000e7f00000)
 ParOldGen       total 79872K, used 28642K [0x0000000080000000, 0x0000000084e00000, 0x00000000d5580000)
  object space 79872K, 35% used [0x0000000080000000,0x0000000081bf8ab8,0x0000000084e00000)
 Metaspace       used 79692K, capacity 83420K, committed 83752K, reserved 1122304K
  class space    used 10946K, capacity 11693K, committed 11816K, reserved 1048576K

