# JRE version: OpenJDK Runtime Environment (8.0_282-b08) (build 1.8.0_282-8u282-b08-0ubuntu1~18.04-b08)
# Java VM: OpenJDK 64-Bit Server VM (25.282-b08 mixed mode linux-amd64 compressed oops)
Heap:
 PSYoungGen      total 325120K, used 24035K [0x00000000d5580000, 0x00000000eab00000, 0x0000000100000000)
  eden space 301056K, 0% used [0x00000000d5580000,0x00000000d5580000,0x00000000e7b80000)
  from space 24064K, 99% used [0x00000000e7b80000,0x00000000e92f8ed8,0x00000000e9300000)
  to   space 23040K, 0% used [0x00000000e9300000,0x00000000e9300000,0x00000000ea980000)
 ParOldGen       total 81408K, used 45987K [0x0000000080000000, 0x0000000084f80000, 0x00000000d5580000)
  object space 81408K, 56% used [0x0000000080000000,0x0000000082ce8d60,0x0000000084f80000)
 Metaspace       used 87175K, capacity 90946K, committed 91304K, reserved 1128448K
  class space    used 11891K, capacity 12612K, committed 12712K, reserved 1048576K
GC Heap History (10 events):
Event: 15,903 GC heap after
Heap after GC invocations=15 (full 2):
 PSYoungGen      total 207360K, used 4575K [0x00000000d5580000, 0x00000000e6800000, 0x0000000100000000)
  eden space 192000K, 0% used [0x00000000d5580000,0x00000000d5580000,0x00000000e1100000)
  from space 15360K, 29% used [0x00000000e1100000,0x00000000e1577ff0,0x00000000e2000000)
  to   space 15360K, 0% used [0x00000000e5900000,0x00000000e5900000,0x00000000e6800000)
 ParOldGen       total 54784K, used 28789K [0x0000000080000000, 0x0000000083580000, 0x00000000d5580000)
  object space 54784K, 52% used [0x0000000080000000,0x0000000081c1d708,0x0000000083580000)
 Metaspace       used 56914K, capacity 59100K, committed 59160K, reserved 1099776K
  class space    used 7625K, capacity 8078K, committed 8104K, reserved 1048576K
}
Event: 15,903 GC heap before
{Heap before GC invocations=16 (full 3):
 PSYoungGen      total 207360K, used 4575K [0x00000000d5580000, 0x00000000e6800000, 0x0000000100000000)
  eden space 192000K, 0% used [0x00000000d5580000,0x00000000d5580000,0x00000000e1100000)
  from space 15360K, 29% used [0x00000000e1100000,0x00000000e1577ff0,0x00000000e2000000)
  to   space 15360K, 0% used [0x00000000e5900000,0x00000000e5900000,0x00000000e6800000)
 ParOldGen       total 54784K, used 28789K [0x0000000080000000, 0x0000000083580000, 0x00000000d5580000)
  object space 54784K, 52% used [0x0000000080000000,0x0000000081c1d708,0x0000000083580000)
 Metaspace       used 56914K, capacity 59100K, committed 59160K, reserved 1099776K
  class space    used 7625K, capacity 8078K, committed 8104K, reserved 1048576K
Event: 16,231 GC heap after
Heap after GC invocations=16 (full 3):
 PSYoungGen      total 207360K, used 0K [0x00000000d5580000, 0x00000000e6800000, 0x0000000100000000)
  eden space 192000K, 0% used [0x00000000d5580000,0x00000000d5580000,0x00000000e1100000)
  from space 15360K, 0% used [0x00000000e1100000,0x00000000e1100000,0x00000000e2000000)
  to   space 15360K, 0% used [0x00000000e5900000,0x00000000e5900000,0x00000000e6800000)
 ParOldGen       total 81408K, used 26599K [0x0000000080000000, 0x0000000084f80000, 0x00000000d5580000)
  object space 81408K, 32% used [0x0000000080000000,0x00000000819f9fb8,0x0000000084f80000)
 Metaspace       used 56882K, capacity 59064K, committed 59160K, reserved 1099776K
  class space    used 7615K, capacity 8066K, committed 8104K, reserved 1048576K
}
Event: 20,429 GC heap before
{Heap before GC invocations=17 (full 3):
 PSYoungGen      total 207360K, used 192000K [0x00000000d5580000, 0x00000000e6800000, 0x0000000100000000)
  eden space 192000K, 100% used [0x00000000d5580000,0x00000000e1100000,0x00000000e1100000)
  from space 15360K, 0% used [0x00000000e1100000,0x00000000e1100000,0x00000000e2000000)
  to   space 15360K, 0% used [0x00000000e5900000,0x00000000e5900000,0x00000000e6800000)
 ParOldGen       total 81408K, used 26599K [0x0000000080000000, 0x0000000084f80000, 0x00000000d5580000)
  object space 81408K, 32% used [0x0000000080000000,0x00000000819f9fb8,0x0000000084f80000)
 Metaspace       used 68862K, capacity 71646K, committed 71976K, reserved 1112064K
  class space    used 9354K, capacity 9898K, committed 10024K, reserved 1048576K
Event: 20,477 GC heap after
Heap after GC invocations=17 (full 3):
 PSYoungGen      total 258560K, used 15338K [0x00000000d5580000, 0x00000000e6a00000, 0x0000000100000000)
  eden space 243200K, 0% used [0x00000000d5580000,0x00000000d5580000,0x00000000e4300000)
  from space 15360K, 99% used [0x00000000e5900000,0x00000000e67fab48,0x00000000e6800000)
  to   space 19968K, 0% used [0x00000000e4300000,0x00000000e4300000,0x00000000e5680000)
 ParOldGen       total 81408K, used 33397K [0x0000000080000000, 0x0000000084f80000, 0x00000000d5580000)
  object space 81408K, 41% used [0x0000000080000000,0x000000008209d618,0x0000000084f80000)
 Metaspace       used 68862K, capacity 71646K, committed 71976K, reserved 1112064K
  class space    used 9354K, capacity 9898K, committed 10024K, reserved 1048576K
}
Event: 25,826 GC heap before
{Heap before GC invocations=18 (full 3):
 PSYoungGen      total 258560K, used 258538K [0x00000000d5580000, 0x00000000e6a00000, 0x0000000100000000)
  eden space 243200K, 100% used [0x00000000d5580000,0x00000000e4300000,0x00000000e4300000)
  from space 15360K, 99% used [0x00000000e5900000,0x00000000e67fab48,0x00000000e6800000)
  to   space 19968K, 0% used [0x00000000e4300000,0x00000000e4300000,0x00000000e5680000)
 ParOldGen       total 81408K, used 33397K [0x0000000080000000, 0x0000000084f80000, 0x00000000d5580000)
  object space 81408K, 41% used [0x0000000080000000,0x000000008209d618,0x0000000084f80000)
 Metaspace       used 79092K, capacity 82748K, committed 83112K, reserved 1120256K
  class space    used 10849K, capacity 11577K, committed 11688K, reserved 1048576K
Event: 25,879 GC heap after
Heap after GC invocations=18 (full 3):
 PSYoungGen      total 263168K, used 19223K [0x00000000d5580000, 0x00000000ea980000, 0x0000000100000000)
  eden space 243200K, 0% used [0x00000000d5580000,0x00000000d5580000,0x00000000e4300000)
  from space 19968K, 96% used [0x00000000e4300000,0x00000000e55c5dc0,0x00000000e5680000)
  to   space 23040K, 0% used [0x00000000e9300000,0x00000000e9300000,0x00000000ea980000)
 ParOldGen       total 81408K, used 45164K [0x0000000080000000, 0x0000000084f80000, 0x00000000d5580000)
  object space 81408K, 55% used [0x0000000080000000,0x0000000082c1b0d0,0x0000000084f80000)
 Metaspace       used 79092K, capacity 82748K, committed 83112K, reserved 1120256K
  class space    used 10849K, capacity 11577K, committed 11688K, reserved 1048576K
}
Event: 27,369 GC heap before
{Heap before GC invocations=19 (full 3):
 PSYoungGen      total 263168K, used 262423K [0x00000000d5580000, 0x00000000ea980000, 0x0000000100000000)
  eden space 243200K, 100% used [0x00000000d5580000,0x00000000e4300000,0x00000000e4300000)
  from space 19968K, 96% used [0x00000000e4300000,0x00000000e55c5dc0,0x00000000e5680000)
  to   space 23040K, 0% used [0x00000000e9300000,0x00000000e9300000,0x00000000ea980000)
 ParOldGen       total 81408K, used 45164K [0x0000000080000000, 0x0000000084f80000, 0x00000000d5580000)
  object space 81408K, 55% used [0x0000000080000000,0x0000000082c1b0d0,0x0000000084f80000)
 Metaspace       used 79944K, capacity 83588K, committed 83880K, reserved 1122304K
  class space    used 10903K, capacity 11613K, committed 11688K, reserved 1048576K
Event: 27,400 GC heap after
Heap after GC invocations=19 (full 3):
 PSYoungGen      total 324096K, used 16714K [0x00000000d5580000, 0x00000000eab00000, 0x0000000100000000)
  eden space 301056K, 0% used [0x00000000d5580000,0x00000000d5580000,0x00000000e7b80000)
  from space 23040K, 72% used [0x00000000e9300000,0x00000000ea352840,0x00000000ea980000)
  to   space 24064K, 0% used [0x00000000e7b80000,0x00000000e7b80000,0x00000000e9300000)
 ParOldGen       total 81408K, used 45172K [0x0000000080000000, 0x0000000084f80000, 0x00000000d5580000)
  object space 81408K, 55% used [0x0000000080000000,0x0000000082c1d0d0,0x0000000084f80000)
 Metaspace       used 79944K, capacity 83588K, committed 83880K, reserved 1122304K
  class space    used 10903K, capacity 11613K, committed 11688K, reserved 1048576K
}
Event: 31,482 GC heap before
{Heap before GC invocations=20 (full 3):
 PSYoungGen      total 324096K, used 317770K [0x00000000d5580000, 0x00000000eab00000, 0x0000000100000000)
  eden space 301056K, 100% used [0x00000000d5580000,0x00000000e7b80000,0x00000000e7b80000)
  from space 23040K, 72% used [0x00000000e9300000,0x00000000ea352840,0x00000000ea980000)
  to   space 24064K, 0% used [0x00000000e7b80000,0x00000000e7b80000,0x00000000e9300000)
 ParOldGen       total 81408K, used 45172K [0x0000000080000000, 0x0000000084f80000, 0x00000000d5580000)
  object space 81408K, 55% used [0x0000000080000000,0x0000000082c1d0d0,0x0000000084f80000)
 Metaspace       used 87175K, capacity 90946K, committed 91304K, reserved 1128448K
  class space    used 11891K, capacity 12612K, committed 12712K, reserved 1048576K

